<?xml version="1.0" encoding="UTF-8"?>
<testsuites name="Mocha Tests" time="4.963" tests="4" failures="0">
  <testsuite name="Root Suite" timestamp="2025-06-25T11:41:51" tests="0" file="cypress/e2e/saucedemo/products.cy.ts" time="0.000" failures="0">
  </testsuite>
  <testsuite name="SauceDemo Products Tests" timestamp="2025-06-25T11:41:51" tests="4" time="4.963" failures="0">
    <testcase name="SauceDemo Products Tests should display products correctly" time="1.074" classname="should display products correctly">
    </testcase>
    <testcase name="SauceDemo Products Tests should sort products by price low to high" time="1.080" classname="should sort products by price low to high">
    </testcase>
    <testcase name="SauceDemo Products Tests should add product to cart" time="1.059" classname="should add product to cart">
    </testcase>
    <testcase name="SauceDemo Products Tests should remove product from cart and update cart count" time="0.898" classname="should remove product from cart and update cart count">
    </testcase>
  </testsuite>
</testsuites>