<?xml version="1.0" encoding="UTF-8"?>
<testsuites name="Mocha Tests" time="3.377" tests="6" failures="0">
  <testsuite name="Root Suite" timestamp="2025-06-25T12:12:34" tests="0" file="cypress/e2e/petstore/store.cy.ts" time="0.000" failures="0">
  </testsuite>
  <testsuite name="Petstore Store API Tests" timestamp="2025-06-25T12:12:34" tests="6" time="3.377" failures="0">
    <testcase name="Petstore Store API Tests should get pet inventories by status" time="1.909" classname="should get pet inventories by status">
    </testcase>
    <testcase name="Petstore Store API Tests should create a new order" time="0.292" classname="should create a new order">
    </testcase>
    <testcase name="Petstore Store API Tests should get order by ID" time="0.279" classname="should get order by ID">
    </testcase>
    <testcase name="Petstore Store API Tests should delete an existing order" time="0.279" classname="should delete an existing order">
    </testcase>
    <testcase name="Petstore Store API Tests should return 404 when getting non-existent order" time="0.284" classname="should return 404 when getting non-existent order">
    </testcase>
    <testcase name="Petstore Store API Tests should return 404 when deleting non-existent order" time="0.281" classname="should return 404 when deleting non-existent order">
    </testcase>
  </testsuite>
</testsuites>