<?xml version="1.0" encoding="UTF-8"?>
<testsuites name="Mocha Tests" time="4.738" tests="2" failures="0">
  <testsuite name="Root Suite" timestamp="2025-06-25T12:12:38" tests="0" file="cypress/e2e/saucedemo/checkout.cy.ts" time="0.000" failures="0">
  </testsuite>
  <testsuite name="SauceDemo Checkout Tests" timestamp="2025-06-25T12:12:38" tests="2" time="4.738" failures="0">
    <testcase name="SauceDemo Checkout Tests should complete checkout process" time="3.609" classname="should complete checkout process">
    </testcase>
    <testcase name="SauceDemo Checkout Tests should validate required fields" time="1.076" classname="should validate required fields">
    </testcase>
  </testsuite>
</testsuites>